<?xml version="1.0" encoding="UTF-8"?>
<!-- Generated by org.testng.reporters.JUnitReportReporter -->
<testsuite skipped="0" hostname="CDC2-D-6S9GH92" name="Demo.FileHandling" tests="1" failures="0" timestamp="31 Jul 2019 07:21:10 GMT" time="0.655" errors="0">
  <testcase name="f" time="0.655" classname="Demo.FileHandling"/>
</testsuite> <!-- Demo.FileHandling -->
