<?xml version="1.0" encoding="UTF-8"?>
<!-- Generated by org.testng.reporters.JUnitReportReporter -->
<testsuite skipped="0" hostname="CDC2-D-6S9GH92" name="Demo.ExcelInput" tests="1" failures="0" timestamp="01 Aug 2019 04:25:42 GMT" time="18.825" errors="0">
  <testcase name="f" time="18.825" classname="Demo.ExcelInput"/>
</testsuite> <!-- Demo.ExcelInput -->
