<?xml version="1.0" encoding="UTF-8"?>
<!-- Generated by org.testng.reporters.JUnitReportReporter -->
<testsuite skipped="0" hostname="CDC2-D-6S9GH92" name="Tests.FileUpload" tests="1" failures="0" timestamp="02 Aug 2019 05:18:23 GMT" time="15.172" errors="0">
  <testcase name="fileuplod" time="15.172" classname="Tests.FileUpload"/>
</testsuite> <!-- Tests.FileUpload -->
